45456 38199.070  108097.0    194.2  189443.7   3479.0         0
45456 38209.209   84027.0    199.2  178112.1   3616.3         0
45456 38219.350   81720.0    196.3  176283.0   3768.9         0
45456 38229.483   73962.0    201.4  174005.3   3921.5         0
45456 38239.623   82882.0    202.2  177631.6   4074.1         0
45456 38249.760   80603.0    210.9  177749.5   4241.9         0
45456 38259.897   77427.0    175.2  174479.1   2059.9         0
45456 38270.033   76181.0    175.6  175188.9   2197.3         0
45456 38280.171   79949.0    204.6  176546.2   2349.9         0
45456 38290.311   86803.0    180.2  180015.6   2502.4         0
45456 38300.450   82032.0    218.8  177324.1   2655.0         0
45456 38310.587   79387.0    202.7  175505.9   2807.6         0
45456 38320.726   77942.0    199.8  175478.7   2517.7         0
45456 38330.863   81134.0     51.4  176534.8   2670.3         0
45456 38340.998   82071.0    188.6  177577.8   2822.9         0
45456 38351.135   80459.0    197.1  178008.6   2975.5         0
45456 38361.273   80886.0    173.8  177447.7   3112.8         0
45456 38371.411   85909.0    175.6  180419.0   3265.4         0
45456 38381.550   87643.0    174.8  179838.4   3418.0         0
45456 38391.686   74998.0     71.1  175192.9   2029.4         0
45456 38401.826   84569.0    183.4  177944.6   2182.0         0
45456 38411.964   80392.0    170.2  177075.8   2334.6         0
45456 38422.101   86934.0     62.7  180758.6   2471.9         0
45456 38432.239   90527.0     58.9  182860.3   2624.5         0
45456 38442.377   90378.0     89.5  181781.1   2777.1         0
45456 38452.513   82633.0    173.7  178326.5   2929.7         0
45456 38462.650   77137.0    153.5  175786.9   3082.3         0
45456 38472.787   79199.0    153.6  177641.0   3250.1         0
45456 38482.928   83523.0    209.8  179186.3   3387.5         0
45456 38493.063   76454.0    172.1  175571.1   3540.0         0
45456 38503.203   83692.0    174.5  179708.1   3692.6         0
45456 38513.339   80632.0    179.9  178845.6   3845.2         0
45456 38523.477   79413.0    166.4  176597.6   2777.1         0
45456 38533.617   84733.0    181.0  179738.4   2929.7         0
45456 38543.752   76164.0    168.6  174641.4   3097.5         0
45456 38553.893   82805.0    174.9  179014.4   3234.9         0
45456 38564.028   77962.0     79.1  177519.3   3387.5         0
45456 38574.164   83565.0    174.3  179451.3   3540.0         0
45456 38584.303   84350.0    187.4  178872.3   3692.6         0
45456 38594.441   82070.0    183.7  179229.9   3845.2         0
45456 38604.581   85976.0    179.4  179547.0   3997.8         0
45456 38614.716   78176.0    178.6  177503.9   4150.4         0
45456 38624.855   81790.0    123.3  177238.7   4303.0         0
45456 38634.991   76477.0    165.0  175376.5   4455.6         0
45456 38645.064   14457.0    177.0  145295.2   4608.2         0
45456 38655.166   43531.0    161.3  159494.7   4760.7         0
45456 38665.301   82402.0    134.5  178975.4   4898.1         0
45456 38675.375   15433.0    175.9  145306.4   5050.7         0
45456 38685.475   43838.0    178.2  159059.4   5203.2         0
45456 38695.541   14818.0    172.9  144679.5   5355.8         0
45456 38705.613   15970.0    175.9  145983.5   5508.4         0
45456 38715.786  116712.0    175.5  195313.3   5676.3         0
45456 38725.924   82733.0    173.7  179136.1   5813.6         0
45456 38736.063   80862.0    178.4  177074.2   5966.2         0
45456 38746.198   78707.0    181.2  176906.1   6118.8         0
45456 38756.338   88317.0    219.6  181117.9   6271.4         0
45456 38766.474   79821.0    186.3  177186.1   6424.0         0
45456 38776.613   82395.0    185.5  177676.2   6576.5         0
45456 38786.751   83861.0    190.4  179233.8   6729.1         0
45456 38796.888   77167.0    148.3  176065.5   6881.7         0
45456 38807.025   87512.0     45.7  181278.9   7034.3         0
45456 38817.164   85049.0    187.2  178798.1   7186.9         0
45456 38827.300   78342.0    169.8  176786.3   7339.5         0
45456 38837.439   82782.0    176.8  177865.1   7492.1         0
45456 38847.575   77228.0    179.7  176717.2   7629.4         0
45456 38857.714   82198.0    174.7  178265.4   7797.2         0
45456 38867.852   78892.0    188.1  176586.1   7949.8         0
45456 38877.989   77068.0    149.3  175507.9   8102.4         0
45456 38888.126   82915.0    182.7  180020.4   8255.0         0
45456 38898.264   83710.0     91.4  179480.3   8407.6         0
45456 38908.404   86803.0    180.4  181033.6   8544.9         0
45456 38918.540   89120.0    174.1  181468.5   8697.5         0
45456 38928.678   78883.0    198.5  177810.9   8865.4         0
45456 38938.814   75675.0    178.6  175404.1   9017.9         0
45456 38948.952   85537.0     60.2  180744.1   9170.5         0
45456 38959.091   81805.0     54.3  177560.1   9323.1         0
45456 38969.227   79404.0    175.9  178272.1   9460.4         0
45456 38979.365   81277.0     55.2  177753.7   9613.0         0
45456 38989.505   86621.0    174.2  181612.8   9765.6         0
45456 38999.640   77335.0    124.2  176520.0   9918.2         0
45456 39009.782   88737.0    150.9  183009.5  10086.1         0
45456 39019.919   81186.0    182.1  177612.2  10223.4         0
45456 39030.053   78192.0    174.8  177385.0  10376.0         0
45456 39040.194   81564.0    135.1  178523.5  10528.6         0
45456 39050.329   78867.0    179.0  177899.5  10681.2         0
45456 39060.467   77305.0    187.9  176359.4  10833.7         0
45456 39070.606   78606.0    181.4  178139.1   3051.8         0
45456 39080.742   82923.0     44.5  179544.5   3219.6         0
45456 39090.880   87775.0    136.1  181900.0   3372.2         0
45456 39101.018   78044.0    136.3  177298.5   3509.5         0
45456 39111.155   79396.0    181.1  177733.8   3662.1         0
45456 39121.295   81472.0     56.0  178794.6   3814.7         0
45456 39131.366   14436.0    176.1  145416.9   3967.3         0
45456 39141.468   43954.0    170.0  158700.9   4119.9         0
45456 39151.603   85091.0     74.6  180874.6   4272.5         0
45456 39161.742   85623.0    164.8  180522.6   4425.0         0
45456 39171.879   68004.0    144.5  172843.5   4577.6         0
45456 39182.120  120270.0    164.9  198736.6   4730.2         0
45456 39192.257   77358.0    173.5  177281.7   4882.8         0
45456 39202.396  100336.0    174.8  188604.5   5035.4         0
45456 39212.535   82171.0    184.3  180536.5   5188.0         0
45456 39222.669   90789.0    167.2  185424.0   5325.3         0
45456 39232.910  124417.0    178.9  201315.2   5493.2         0
45456 39243.047   32897.0    171.4  156331.9   5645.8         0
45456 39253.392  119010.0    179.1  200045.2   5798.3         0
45456 39263.631  119835.0    174.1  199157.9   5950.9         0
45456 39274.586   42762.0     74.3  161358.0   6118.8         0
45456 39284.725   25144.0     40.1  151995.8   6271.4         0
45456 39294.788   15835.0    135.6  146992.1   6424.0         0
45456 39304.899   59570.0     39.7  169070.2   6576.5         0
45456 39315.037   77173.0    181.5  176862.0   6729.1         0
45456 39325.175   84440.0     92.9  181517.2   6881.7         0
45456 39335.311   79665.0     53.0  179250.9   7034.3         0
45456 39345.448   83748.0     76.2  181595.7   7171.6         0
45456 39355.588   85277.0     69.2  181734.4   7324.2         0
45456 39365.722   84430.0     66.3  181222.9   7492.1         0
45456 39375.854   77954.0     65.0  177202.7   7644.7         0
45456 39385.921   13898.0     46.5  147542.6   7797.2         0
45456 39396.039   61368.0     76.0  171017.9   7934.6         0
45456 39406.174   81702.0    164.6  180774.5   4104.6         0
45456 39416.311   81752.0     78.1  180552.7   4257.2         0
45456 39426.448   85409.0     73.0  183170.6   4409.8         0
45456 39436.588   82723.0    172.6  179704.1   4562.4         0
45456 39446.722   79570.0     78.6  180013.3   4715.0         0
45456 39456.792   14736.0    173.5  146707.5   4867.6         0
45456 39466.898   49013.0    177.6  164289.7   5020.1         0
45456 39477.035   73659.0    177.8  175162.8   5172.7         0
45456 39487.171   78504.0    173.3  178743.9   5325.3         0
45456 39497.309   76780.0    173.5  177581.0   5477.9         0
45456 39507.447   85130.0    213.9  181767.5   5615.2         0
45456 39517.584   84155.0     74.8  181008.1   5767.8         0
45456 39527.724   86359.0    157.3  182502.9   5935.7         0
45456 39537.861   78057.0    149.8  178567.9   6088.3         0
45456 39547.997   94230.0     40.1  186868.9   6240.8         0
45456 39558.135   75316.0     36.0  176966.0   6393.4         0
45456 39568.272   90322.0     82.8  185024.5   6530.8         0
45456 39578.316   14195.0     88.8  146574.0   6683.3         0
45456 39588.445   49205.0    164.9  164641.9   6835.9         0
45456 39598.516   15635.0    151.2  147602.7   6988.5         0
45456 39608.621   58041.0     60.0  167972.3   7141.1         0
45456 39618.756   83006.0     68.0  180750.2   7309.0         0
45456 39628.894   91448.0    117.2  184934.0   7446.3         0
45456 39639.033   79382.0    179.9  178951.8   7598.9         0
45456 39649.169   80459.0    173.3  179560.3   7751.5         0
45456 39659.306   81954.0    187.4  181030.4   7904.1         0
45456 39669.379   17356.0    181.7  146202.3   8056.6         0
45456 39679.481   46617.0    179.2  162347.9   8209.2         0
45456 39689.619   77657.0    167.2  176946.6   8346.6         0
45456 39699.759   79744.0    117.8  179104.5   8514.4         0
45456 39709.893   76050.0    146.3  177038.8   8667.0         0
45456 39720.031   79934.0    180.2  178996.1   8819.6         0
45456 39730.176   95184.0    158.6  180752.7   8972.2         0
45456 39740.308   73927.0    184.6  176777.6   9109.5         0
45456 39750.445   75583.0    155.0  176308.0   9262.1         0
45456 39760.582   81302.0    175.1  179972.3   9414.7         0
45456 39770.719   78843.0    198.8  178753.2   9582.5         0
45456 39780.860   78373.0    155.1  178475.9   9735.1         0
45456 39790.997   76587.0    200.7  178154.5   9887.7         0
45456 39801.069   15371.0    131.5  147440.7  10025.0         0
45456 39811.170   41349.0    178.2  157569.7  10177.6         0
45456 39821.237   14302.0     72.8  147234.2  10330.2         0
45456 39831.443  125147.0    176.3  201963.0  10482.8         0
45456 39841.580   76445.0    174.2  178212.3  10635.4         0
45456 39851.719   85891.0     36.8  182108.8  10803.2         0
45456 39861.856   81804.0    161.9  180713.0  10940.6         0
45456 39871.926   16135.0     91.7  147190.4  11093.1         0
45456 39882.010   27987.0    162.4  143383.6  11245.7         0
45456 39892.169   97727.0    175.6  186112.8  11398.3         0
45456 39902.247   17435.0    138.0  148128.9  11550.9         0
45456 39912.341   35328.0     82.5  156354.4  11703.5         0
45456 39922.477   83462.0    174.8  181703.9  11840.8         0
45456 39932.615   80186.0    131.4  180512.6  11993.4         0
45456 39942.752   77735.0    145.3  179103.1  12161.3         0
45456 39952.894   80322.0    160.5  176938.8  12313.8         0
45456 39962.967   12561.0    168.0  146244.0  12466.4         0
45456 39973.064   45022.0     37.1  161971.5  12619.0         0
45456 39983.179   62895.0    170.4  171147.1  12756.3         0
45456 39993.254   15252.0    138.0  147117.6  12908.9         0
45456 40003.328   14802.0     38.8  148142.8  13061.5         0
45456 40013.405   16168.0    171.6  147010.3  13214.1         0
45456 40023.541   81065.0    157.9  180416.6  13366.7         0
45456 40033.890  116946.0    195.6  197730.8  13519.3         0
45456 40044.028   84815.0    179.4  182033.6  13671.9         0
45456 40054.165   86727.0     60.2  183759.4  13824.5         0
45456 40064.303   89154.0    134.7  184192.9  13977.1         0
45456 40074.441   77669.0    167.3  178429.7  14129.6         0
45456 40084.579   83125.0    143.9  181050.6  14282.2         0
45456 40094.652   16820.0    164.4  147494.5  14419.6         0
45456 40104.752   43185.0    179.7  161365.9  14587.4         0
45456 40114.890   83905.0    180.1  181074.7  14740.0         0
45456 40125.028   84151.0    175.5  181842.1  14892.6         0
45456 40135.165   75811.0    173.7  177730.0   4547.1         0
45456 40145.235   14905.0    122.2  147415.4   4684.4         0
45456 40155.337   44862.0    181.8  163259.0   4837.0         0
45456 40165.478   81931.0     84.2  178265.2   4989.6         0
45456 40175.545   16627.0    113.0  147605.9   5142.2         0
45456 40185.647   45246.0    155.4  163550.8   5294.8         0
45456 40195.786   89795.0     83.3  185099.8   5447.4         0
45456 40205.924   85363.0    175.7  182563.7   5600.0         0
45456 40216.061   79229.0    152.4  180018.6   5752.6         0
45456 40226.135   15864.0     71.8  148223.1   5905.2         0
45456 40236.235   43059.0     79.1  161368.4   6057.7         0
45456 40246.373   89763.0    150.4  185997.4   6210.3         0
45456 40256.511   78603.0    163.3  179166.6   6347.7         0
45456 40266.648   76662.0    174.6  177862.2   6500.2         0
45456 40276.785   85678.0    193.7  184028.1   6668.1         0
45456 40286.922   79357.0    167.0  180799.0   6820.7         0
45456 40297.061   82462.0    235.8  180736.1   6973.3         0
45456 40307.200   81761.0    174.5  181281.3   7125.9         0
45456 40317.340   77525.0    180.8  178060.4   7263.2         0
45456 40327.475   78278.0    171.8  179845.8   7415.8         0
45456 40337.612   86372.0    173.7  182865.1   7568.4         0
45456 40347.749   79827.0    174.0  180439.2   7736.2         0
45456 40357.890   85830.0    208.2  183630.2   7888.8         0
45456 40368.025   79204.0    182.3  181083.5   8041.4         0
45456 40378.162   80954.0    188.2  181240.3   8178.7         0
45456 40388.299   82689.0    142.6  182225.2   8331.3         0
45456 40398.440   80420.0    171.7  180590.9   8483.9         0
45456 40408.575   83513.0    157.1  182657.6   8636.5         0
45456 40418.715   83340.0    180.5  181847.8   8804.3         0
45456 40428.781   14702.0    183.8  149077.6   8956.9         0
45456 40438.888   49412.0    178.3  165584.2   9094.2         0
45456 40449.024   81361.0    184.7  181578.4   9246.8         0
45456 40459.162   85480.0    179.7  182955.1   9399.4         0
45456 40469.299   81386.0    180.0  181644.1   9552.0         0
45456 40479.437   81793.0    175.2  181864.0   9704.6         0
45456 40489.574   81891.0    173.3  181767.2   9857.2         0
45456 40499.714   83176.0    192.4  181587.0  10009.8         0
45456 40509.850   73608.0    177.8  177825.0  10162.4         0
45456 40519.987   81404.0    180.6  181753.2  10314.9         0
45456 40530.128   85046.0    174.2  183129.3  10467.5         0
45456 40540.263   80674.0    174.1  180890.8  10620.1         0
45456 40550.400   77711.0     91.3  180667.1  10757.4         0
45456 40560.539   86358.0    135.4  184310.2  10910.0         0
45456 40570.676   80941.0    183.7  181977.2  11077.9         0
45456 40580.815   83198.0    162.5  183746.6  11230.5         0
45456 40590.951   76693.0     51.4  179795.5  11383.1         0
45456 40601.091   86075.0    199.3  183410.2  11535.6         0
45456 40611.226   79750.0    185.3  181445.9   4257.2         0
45456 40621.365   81043.0    179.6  181181.1   4394.5         0
45456 40631.502   79595.0    170.8  180977.9   4547.1         0
45456 40641.640   74889.0    174.3  178197.4   4699.7         0
45456 40651.779   82870.0    200.0  183373.9   4867.6         0
45456 40661.915   79603.0    170.0  180893.3   5020.1         0
45456 40672.053   80453.0    185.5  181587.8   5172.7         0
45456 40682.191   81276.0    214.2  181920.4   5310.1         0
45456 40692.328   79680.0    179.0  181451.4   5462.6         0
45456 40702.470   82781.0    140.5  182057.3   5615.2         0
45456 40712.608   80168.0    205.9  181172.9   5767.8         0
45456 40722.741   77074.0    178.7  179677.3   5935.7         0
45456 40732.880   82528.0    180.6  182610.4   6088.3         0
45456 40743.017   81483.0    176.2  181823.3   6225.6         0
45456 40753.156   83369.0    184.5  183217.0   6378.2         0
45456 40763.293   79222.0    141.6  181166.5   6530.8         0
45456 40773.430   80967.0    180.1  181136.0   6683.3         0
45456 40783.572   83768.0    175.4  182121.6   6835.9         0
45456 40793.709   79429.0    203.3  180871.6   7003.8         0
45456 40803.784   16039.0    121.0  148664.3   7141.1         0
45456 40813.877   39184.0     90.0  161707.3   7293.7         0
45456 40824.020   88170.0    173.1  184661.6   7446.3         0
45456 40834.156   80167.0    173.5  182502.6   7598.9         0
45456 40844.292   77448.0    168.2  179015.4   7751.5         0
45456 40854.431   82558.0    201.7  183334.2   7904.1         0
45456 40864.567   77449.0    171.7  180092.8   8041.4         0
45456 40874.702   76594.0    206.3  180683.3   8209.2         0
45456 40884.775   15926.0    157.8  148410.2   8361.8         0
45456 40894.879   47075.0    166.4  164845.1   8514.4         0
45456 40905.016   86029.0    140.4  183363.1   8667.0         0
45456 40915.152   85818.0     67.2  184786.0   8819.6         0
45456 40925.293   94357.0     41.0  187522.0   8956.9         0
45456 40935.430   86669.0     73.7  184762.7   9109.5         0
45456 40945.566   84671.0    186.9  183057.6   9262.1         0
45456 40955.704   87238.0    178.6  186134.6   9429.9         0
45456 40965.843   83762.0     95.8  183922.3   9582.5         0
45456 40975.979   84077.0    184.3  183392.5   9719.8         0
45456 40986.117   81053.0    102.6  181150.7   9872.4         0
45456 40996.254   83307.0    176.7  183019.6  10025.0         0
45456 41006.392   80394.0    179.8  181235.1  10177.6         0
45456 41016.532   83100.0    183.8  182984.1  10330.2         0
45456 41026.667   75357.0    181.6  179275.5  10482.8         0
45456 41036.804   81243.0    162.0  182761.9  10635.4         0
45456 41046.942   79065.0    172.1  181561.2  10788.0         0
45456 41057.080   81952.0    181.0  183307.6  10940.6         0
45456 41067.219   85258.0    179.8  183580.8  11093.1         0
45456 41077.355   77605.0    155.9  180879.0   4150.4         0
45456 41087.495   76531.0    138.3  178963.7   4303.0         0
45456 41097.632   82380.0    180.5  183429.9   4440.3         0
45456 41107.769   79174.0    192.3  181459.5   4608.2         0
45456 41117.909   86065.0    182.3  184501.2   4760.7         0
45456 41128.044   80412.0    153.3  182675.5   4913.3         0
45456 41138.182   83549.0    176.4  184260.4   5065.9         0
45456 41148.321   91486.0    121.4  186952.2   5218.5         0
45456 41158.457   76998.0    174.5  181001.2   5355.8         0
45456 41168.595   81018.0    178.3  183404.5   5508.4         0
45456 41178.670   17466.0    174.4  151681.3   5676.3         0
45456 41188.769   46005.0     95.4  166648.8   5828.9         0
45456 41198.845   18168.0    157.1  152075.1   5981.4         0
45456 41208.925   15981.0    170.5  150521.8   6134.0         0
45456 41219.079   98270.0    203.2  192977.8   6271.4         0
45456 41229.217   77182.0    132.5  182770.2   6424.0         0
45456 41239.356   78022.0    180.9  182657.2   6576.5         0
45456 41249.494   81470.0    141.0  183289.3   6729.1         0
45456 41259.629   95284.0    200.9  191292.2   6881.7         0
45456 41269.766   83686.0    170.4  186088.5   7034.3         0
45456 41279.907   84940.0    172.5  185904.1   7186.9         0
45456 41290.044   74222.0    163.7  179293.7   7339.5         0
45456 41300.181   78553.0    198.3  182968.1   7492.1         0
45456 41310.319   81923.0    142.1  183802.2   7644.7         0
45456 41320.456   77969.0    210.1  182339.9   7797.2         0
45456 41330.596   80107.0    172.1  182876.9   7934.6         0
45456 41340.730   77049.0    206.1  183010.2   8102.4         0
45456 41350.872   79190.0    204.6  182476.9   8255.0         0
45456 41361.007   75176.0    213.4  181466.1   8407.6         0
45456 41371.144   75208.0    184.1  182179.7   8560.2         0
45456 41381.218   18815.0    172.6  150256.0   8712.8         0
45456 41391.319   40246.0    163.2  162106.9   8850.1         0
45456 41401.455   81431.0     83.6  184631.6   9002.7         0
45456 41411.593   90319.0     68.9  188817.6   9155.3         0
45456 41421.666   14717.0    159.0  152031.0   9323.1         0
45456 41431.735   16102.0     76.1  152053.2   9475.7         0
45456 41441.903  111930.0    151.6  200226.8   9628.3         0
45456 41452.044   84835.0    181.4  185954.9   9765.6         0
45456 41462.179   77642.0    169.5  183483.1   9918.2         0
45456 41472.317   80477.0    173.4  184427.6  10070.8         0
45456 41482.453   80591.0    168.0  185915.9  10223.4         0
45456 41492.591   88296.0     49.9  189013.9  10376.0         0
45456 41502.729   86226.0    252.7  188462.2  10543.8         0
45456 41512.867   85137.0    186.8  187155.2  10681.2         0
45456 41523.004   76254.0    124.4  183880.7  10833.7         0
45456 41533.144   83689.0    172.9  185803.4  10986.3         0
45456 41543.280   80593.0     52.0  185506.9  11138.9         0
45456 41553.418   96378.0    121.7  192929.6  11291.5         0
45456 41563.556   79354.0    153.5  184657.8  11428.8         0
45456 41573.694   83014.0    173.3  185601.8  11596.7         0
45456 41583.830   79544.0    180.9  185852.0  11749.3         0
45456 41593.969   82877.0    174.5  186148.6  11901.9         0
45456 41604.041   16018.0    172.2  153094.4   4074.1         0
45456 41614.142   42951.0    175.6  165934.0   4211.4         0
45456 41624.278   86282.0     81.0  189304.7   4364.0         0
45456 41634.417   85430.0    143.6  -764595.3   4516.6         0
45456 41644.556   81716.0    187.8  -766662.8   4669.2         0
45456 41654.626   14281.0    177.0  -799043.0   4821.8         0
45456 41664.728   45601.0    175.5  -783725.1   4989.6         0
45456 41674.866   79662.0    198.4  -766948.0   5127.0         0
45456 41685.004   81880.0    187.6  -766184.3   5279.5         0
45456 41695.142   81961.0    171.6  -765743.0   5432.1         0
45456 41705.264   64757.0    129.5  -774432.3   5584.7         0
45456 41715.419  105065.0    126.9  -755129.0   5737.3         0
45456 41725.554   80489.0    223.5  -766558.7   5889.9         0
45456 41735.692   80595.0    184.6  -767117.8   6042.5         0
45456 41745.829   78098.0    130.6  -766583.5   6195.1         0
45456 41755.967   86405.0    179.9  -763321.4   6347.7         0
45456 41766.105   80749.0    122.7  -766119.6   6500.2         0
45456 41776.243   83221.0    180.4  -765044.3   6652.8         0
45456 41786.380   78237.0    207.2  -767290.4   6805.4         0
45456 41796.519   81635.0    176.2  -764943.2   6942.7         0
45456 41806.656   79877.0    216.4  -766473.4   7095.3         0
45456 41816.795   82460.0    175.2  -766274.3   7263.2         0
45456 41826.867   10995.0    151.0  -800115.8   7415.8         0
45456 41836.969   44192.0    171.7  -784973.0   7568.4         0
45456 41847.104   76070.0    159.9  -768184.4   7720.9         0
45456 41857.242   83013.0    183.8  -764896.7   7858.3         0
45456 41867.385   87554.0    180.2  -761919.2   8010.9         0
45456 41877.517   74431.0    181.2  -769142.4   8163.5         0
45456 41887.586   11969.0    170.1  -799707.5   8316.0         0
45456 41897.692   48921.0    172.6  -781560.8   8483.9         0
45456 41907.829   79581.0    225.8  -766182.6   8621.2         0
45456 41917.967   82126.0    128.4  -764953.1   8773.8         0
45456 41928.105   78895.0    161.4  -766844.6   8926.4         0
45456 41938.240   79983.0     85.3  -765330.7   9079.0         0
45456 41948.378   85370.0    180.3  -763219.1   9231.6         0
45456 41958.517   85325.0    172.4  -763200.9   9384.2         0
45456 41968.654   84294.0     63.2  -763770.5   9521.5         0
45456 41978.794   94275.0     62.2  -758568.8   9689.3         0
45456 41988.929   86329.0     39.2  -762766.1   9841.9         0
45456 41999.066   84595.0    180.9  -762908.8 955612.2         0
45456 42009.206   82477.0    185.5  -765634.2 955764.8         0
45456 42019.342   80281.0    172.4  -765626.5 955917.4         0
45456 42029.482   81001.0    180.0  -766067.7 956069.9         0
45456 42039.620   79492.0    146.2  -765774.6 956222.5         0
45456 42049.757   80343.0    183.1  -765148.9 956390.4         0
45456 42059.894   80033.0    177.5  -765883.6 956527.7         0
45456 42070.031   79101.0    173.6  -765849.1 956680.3         0
45456 42080.168   82777.0    148.3  -763504.8 956832.9         0
45456 42090.306   82553.0    180.0  -764015.8 956985.5         0
45456 42100.444   81128.0    172.9  -764877.2 957138.1         0
45456 42110.582   80443.0    142.3  -765632.6 957275.4         0
45456 42120.719   81632.0    180.1  -764539.5 957443.2         0
45456 42130.857   85143.0     78.1  -763059.2 957595.8         0
45456 42140.996   83686.0    163.5  -763199.4 957748.4         0
45456 42151.133   84516.0     52.5  -763791.6 957901.0         0
45456 42161.270   81128.0    174.2  -764828.3 958053.6         0
45456 42171.409   81385.0    207.8  -765729.7 958190.9         0
45456 42181.545   80233.0    180.9  -764453.9 958343.5         0
45456 42191.684   83472.0    180.9  -763627.9 958511.4         0
45456 42201.821   82515.0    130.1  -763346.1 958663.9         0
45456 42211.959   77520.0    176.7  -766897.2 958816.5         0
45456 42222.100   85819.0    178.0  -762485.0 958969.1         0
45456 42232.173   15512.0    174.8  -798350.4 959106.4         0
45456 42242.273   42153.0    178.9  -784031.6 959259.0         0
45456 42252.407   76480.0    180.4  -766910.7 959411.6         0
45456 42262.547   84875.0    180.5  -762469.5 959564.2         0
45456 42272.682   79345.0    210.6  -765333.5 959732.1         0
45456 42282.819   81376.0    159.3  -763469.8 959884.6         0
45456 42292.958   86182.0    175.7  -761676.0 960022.0         0
45456 42303.096   80748.0    170.2  -764341.8 960174.6         0
45456 42313.234   80695.0    178.9  -764785.4 960327.1         0
45456 42323.308   17269.0    172.6  -796706.8 960479.7         0
45456 42333.407   42063.0    177.0  -784387.6 960632.3         0
45456 42343.544   81624.0    197.7  -764119.7 960784.9         0
45456 42353.682   78500.0    172.8  -766410.1 960937.5         0
45456 42363.822   82247.0    197.1  -763530.3 961090.1         0
45456 42373.960   80275.0    121.6  -765214.2 961242.7         0
45456 42384.096   82412.0    169.0  -763533.6 961395.3         0
45456 42394.233   78109.0    151.3  -765517.9 961547.9         0
45456 42404.370   76156.0    210.7  -766277.2 961700.4         0
45456 42414.508   77975.0    177.2  -765679.2 961837.8         0
45456 42424.645   76142.0    201.4  -765641.8 961990.4         0
45456 42434.782   80355.0    201.5  -763745.8 962158.2         0
45456 42444.921   81299.0    199.0  -763084.2 962310.8         0
45456 42455.060   81198.0    174.9  -764963.5 962463.4         0
45456 42465.197   80454.0    208.8  -763460.1 962600.7         0
45456 42475.334   81815.0    175.7  -763153.2 962753.3         0
45456 42485.474   83479.0    173.5  -762657.0 962905.9         0
45456 42495.610   75949.0    211.1  -766601.3 963058.5         0
45456 42505.747   80684.0    174.2  -763543.4 963226.3         0
45456 42515.884   78751.0    196.9  -764550.0 963378.9         0
45456 42526.023   82792.0    174.4  -763076.1 963516.2         0
45456 42536.161   80088.0    174.0  -764210.4 963668.8         0
45456 42546.299   81119.0    177.4  -763518.4 963821.4         0
45456 42556.437   80737.0    203.9  -764841.8 963974.0         0
45456 42566.529   34658.0    175.3  -786740.1 964126.6         0
45456 42576.711  124511.0    178.0  -742165.7 964294.4         0
45456 42586.849   79828.0    189.6  -764493.1 964431.8         0
45456 42596.986   76838.0    175.2  -765228.9 964584.4         0
45456 42607.124   84335.0     59.8  -761292.9 964736.9         0
45456 42617.263   85208.0    164.6  -761359.3 964889.5         0
45456 42627.399   77452.0    175.5  -764732.1 965042.1         0
45456 42637.537   74935.0    154.6  -766383.0 965194.7         0
45456 42647.675   81852.0    179.9  -762977.9 965347.3         0
45456 42657.813   81112.0    179.9  -764015.3 965499.9         0
45456 42667.950   78244.0    140.2  -764794.5 965652.5         0
45456 42678.087   80683.0    202.7  -762822.4 965805.1         0
45456 42688.228   87310.0    212.3  -760077.1 965957.6         0
45456 42698.365   76016.0    123.5  -766797.7 966110.2         0
45456 42708.501   78144.0    174.4  -764781.7 966247.6         0
45456 42718.639   76988.0    171.4  -765535.0 966400.1         0
45456 42728.715   15916.0    171.4  -794948.3 966568.0         0
45456 42738.813   50276.0    172.3  -778284.5 966720.6         0
45456 42748.949   75481.0    166.8  -765423.5 966873.2         0
45456 42759.087   82185.0    178.2  -761482.5 967010.5         0
45456 42769.226   82940.0    180.8  -762136.3 967163.1         0
45456 42779.362   75710.0    181.8  -765114.1 967315.7         0
45456 42789.499   81068.0    199.1  -762210.0 967468.3         0
45456 42799.641   78725.0    175.1  -764940.1 967620.8         0
45456 42809.776   78438.0     90.9  -764308.1 967788.7         0
45456 42819.913   81581.0    185.8  -762975.5 967926.0         0
45456 42830.051   79755.0    186.1  -763582.4 968078.6         0
45456 42840.188   79872.0    206.6  -762874.1 968231.2         0
45456 42850.316   69788.0    174.1  -768376.8 968383.8         0
45456 42860.464   92111.0    210.6  -757033.5 968536.4         0
45456 42870.602   81765.0    225.7  -762444.0 968689.0         0
45456 42880.738   80604.0    181.0  -761964.0 968841.6         0
45456 42890.877   84542.0    178.9  -760891.9 968994.1         0
45456 42901.015   82074.0    186.5  -762470.9 969146.7         0
45456 42911.154   80909.0    168.7  -764082.0 969299.3         0
45456 42921.290   77636.0     74.0  -764076.3 969451.9         0
45456 42931.430   87426.0    176.9  -759778.2 969604.5         0
45456 42941.566   76812.0    173.8  -764739.4 969741.8         0
45456 42951.704   76494.0    203.0  -765976.0 969909.7         0
45456 42961.842   80858.0    168.5  -763474.4 970062.3         0
45456 42971.979   91344.0    170.5  -757191.3 970214.8         0
45456 42982.117   82268.0    206.4  -762065.4 970367.4         0
45456 42992.254   80841.0    169.8  -762778.7 970520.0         0
45456 43002.318    6523.0    170.3  -799949.1 970657.3         0
45456 43012.428   52635.0    201.5  -776837.5 970809.9         0
45456 43022.565   82691.0    211.7  -761566.7 970962.5         0
45456 43032.702   74315.0    175.3  -765175.8 971130.4         0
45456 43042.841   82168.0    179.6  -762189.9 971283.0         0
45456 43052.979  rejected packet: LI==3
45456 43509.177  109735.0    174.5  201963.2   2975.5         0
45456 43519.311   77873.0    174.7  186909.3   3128.1         0
45456 43529.451   82374.0    233.9  187469.1   3280.6         0
45456 43539.588   78706.0    233.0  186833.3   3433.2         0
45456 43549.726   82005.0    209.8  187571.6   3585.8         0
45456 43559.862   79393.0    176.4  187672.7   3738.4         0
45456 43570.000   85712.0    210.9  190676.7   3891.0         0
45456 43580.137   79290.0    173.4  187407.3   3631.6         0
45456 43590.277   82304.0    188.5  187839.3   3799.4         0
45456 43600.413   80038.0    174.0  188209.0   3936.8         0
45456 43610.485   15278.0     68.6  154921.9   4089.4         0
45456 43620.586   47940.0    212.7  171499.3   4241.9         0
45456 43630.829  189339.0    189.1  239152.9   4394.5         0
45456 43640.965   78242.0    176.5  186490.9   5996.7         0
45456 43651.104   81493.0    214.4  186268.7   6149.3         0
45456 43661.240   79157.0    198.4  186681.6   6317.1         0
45456 43671.297    3531.0    199.1  150067.9   6454.5         0
45456 43681.413   59637.0    221.5  177326.1   6607.1         0
45456 43691.551   80927.0    177.9  186665.8   6759.6         0
45456 43701.688   79707.0    174.0  187278.7   6912.2         0
45456 43711.825   81195.0    201.4  189191.2   4562.4         0
45456 43721.910   27844.0    166.8  163891.1   4715.0         0
45456 43732.000   36372.0    179.8  166725.4   4867.6         0
45456 43742.074   15976.0    180.1  158687.0   5020.1         0
45456 43752.172   42325.0    212.5  171328.7   5172.7         0
45456 43762.309   88327.0    185.8  195052.7   5340.6         0
45456 43772.449   81858.0    203.3  189443.7   7843.0         0
45456 43782.584   77313.0    201.1  190662.4   7995.6         0
45456 43792.723   83166.0    200.2  193788.1   8148.2         0
45456 43802.860   81058.0     92.8  192571.0   8300.8         0
45456 43813.004   90223.0    202.8  196753.6   8453.4         0
45456 43823.136   75637.0    202.9  190372.4   8590.7         0
45456 43833.273   73516.0    184.8  189608.5   8758.5         0
45456 43843.413   84834.0    176.2  195088.5   5645.8         0
45456 43853.549   77039.0    216.6  190598.8   5798.3         0
45456 43863.687   82603.0    177.7  193843.6   5950.9         0
45456 43873.757   14929.0    173.2  160875.2   6103.5         0
45456 43883.861   47646.0    159.6  176419.1   6256.1         0
45456 43893.997   86181.0    170.7  195458.9   6393.4         0
45456 43904.135   81672.0    177.2  193208.6   6546.0         0
45456 43914.273   79549.0    128.2  192114.6   4074.1         0
45456 43924.410   81926.0    208.3  193663.1   4211.4         0
45456 43934.552   82270.0    204.2  192604.1   4364.0         0
45456 43944.685   76129.0    156.4  190805.2   4516.6         0
45456 43954.823   81120.0    187.6  192664.3   4669.2         0
45456 43964.961   70313.0    200.2  187232.5   4821.8         0
45456 43975.099   78014.0    204.7  190834.3   4959.1         0
45456 43985.172   14358.0    172.5  159588.0   7980.3         0
45456 43995.271   42795.0    107.5  173919.9   8148.2         0
45456 44005.411   83155.0    202.3  193801.3   8300.8         0
45456 44015.548   74264.0    176.0  188216.7   8453.4         0
45456 44025.620   16635.0    169.0  160294.6   8590.7         0
45456 44035.720   44765.0    203.8  174270.4   8743.3         0
45456 44045.859   80799.0     84.7  193537.3   8880.6         0
45456 44055.996   81145.0    198.4  192338.0   9033.2         0
45456 44066.133   80191.0    175.5  192648.6   9185.8         0
45456 44076.270   79026.0    136.1  192950.3   9353.6         0
45456 44086.409   85312.0    177.6  195297.8   9491.0         0
45456 44096.546   77858.0    203.3  191837.3   9643.6         0
45456 44106.684   80995.0    195.0  193227.4   9796.1         0
45456 44116.821   79449.0    202.1  193625.9   9948.7         0
45456 44126.893   14725.0    163.0  160723.8  10101.3         0
45456 44136.997   47097.0    170.5  176149.4  10253.9         0
45456 44147.132   79111.0    169.8  192603.1  10391.2         0
45456 44157.271   80971.0    125.4  192881.2  10559.1         0
45456 44167.408   81766.0    205.0  194074.7  10711.7         0
45456 44177.548   83847.0    126.0  194889.5  10864.3         0
45456 44187.684   82106.0    198.0  195638.9  11016.8         0
45456 44197.823   82018.0    176.5  194663.6  11169.4         0
45456 44207.894   15147.0    201.4  161535.0  11306.8         0
45456 44217.995   43402.0    188.9  174703.5  11459.4         0
45456 44228.134   80703.0    196.4  194360.2  11611.9         0
45456 44238.270   83262.0    168.7  195088.1  11779.8         0
45456 44248.336   16023.0     67.5  162421.7  11932.4         0
45456 44258.445   61341.0     83.6  185361.9  12085.0         0
45456 44268.579   96861.0     75.8  202997.4  12222.3         0
45456 44278.719   84001.0    181.9  195557.9  12374.9         0
45456 44288.792   16304.0    186.0  162530.6  12527.5         0
45456 44298.891   47655.0    207.9  178434.7  12680.1         0
45456 44309.029   80155.0    212.7  195150.6  12832.6         0
45456 44319.101   15848.0    182.0  161976.8  12985.2         0
45456 44329.200   43313.0    232.7  177406.9  13137.8         0
45456 44339.339   93109.0    184.5  201191.7  13290.4         0
45456 44349.478   81762.0    210.6  196002.5  13443.0         0
45456 44359.615   78988.0    217.1  194404.2  13595.6         0
45456 44369.686   14405.0    180.9  162822.8  13748.2         0
45456 44379.759   15569.0    153.7  163254.0  13885.5         0
45456 44389.925  107597.0    186.0  210000.4  14038.1         0
45456 44400.064   80467.0    208.3  195167.8  14190.7         0
45456 44410.201   80253.0    208.6  196275.8  14358.5         0
45456 44420.339   78590.0    194.6  194559.6  14511.1         0
45456 44430.476   81663.0    184.2  196729.4  14663.7         0
45456 44440.613   78346.0    159.8  195737.1  14801.0         0
45456 44450.751   79319.0    104.6  196532.2  14953.6         0
45456 44460.817   15803.0    148.7  163622.8  15106.2         0
45456 44470.924   52077.0    210.1  182767.5  15258.8         0
45456 44480.998   16311.0    167.7  163780.2  15411.4         0
45456 44491.071   15966.0    186.1  164280.1  15564.0         0
45456 44501.236  104673.0    164.1  207805.6  15716.6         0
45456 44511.372   77015.0    145.2  195838.0  15869.1         0
45456 44521.512   81374.0    206.9  197931.6   8819.6         0
45456 44531.649   78230.0    172.1  196898.1   8972.2         0
45456 44541.716   15156.0     33.8  164542.5   9124.8         0
45456 44551.821   51056.0    146.9  182007.3   9262.1         0
45456 44561.880    4585.0    177.7  159161.1   9414.7         0
45456 44571.994   54854.0    159.7  183712.0   9567.3         0
45456 44582.132   78345.0    170.7  195460.6   9719.8         0
45456 44592.268   79545.0    236.3  196794.9   9887.7         0
45456 44602.344   16280.0    176.4  163474.2  10040.3         0
45456 44612.442   41811.0    184.3  177545.0  10177.6         0
45456 44622.580   80342.0    212.0  196469.2  10330.2         0
45456 44632.718   82520.0    211.7  197957.9  10482.8         0
45456 44642.854   80399.0    180.3  197005.3  10635.4         0
45456 44652.927   15980.0    179.6  163502.4   8377.1         0
45456 44663.028   49184.0     71.0  180812.3   8514.4         0
45456 44673.167   88367.0    123.9  199022.5   8667.0         0
45456 44683.304   80629.0     87.6  195715.6   8834.8         0
45456 44693.441   78628.0    123.8  194874.7   8987.4         0
45456 44703.579   81821.0    193.0  196000.9   9140.0         0
45456 44713.717   80878.0    209.3  196640.3   9292.6         0
45456 44723.854   80473.0    182.8  195965.7   9429.9         0
45456 44733.992   80143.0    185.5  195197.6   9582.5         0
45456 44744.130   81417.0    209.6  195507.2   9735.1         0
45456 44754.268   81268.0    157.9  194988.3   9903.0         0
45456 44764.406   83713.0    187.3  196398.3  10055.5         0
45456 44774.544   80846.0    209.3  195227.0  10208.1         0
45456 44784.681   79461.0    178.1  194960.6  10345.5         0
45456 44794.818   79790.0    162.8  195131.7  10498.0         0
45456 44804.956   80011.0    206.8  195050.8  10650.6         0
45456 44815.096   81014.0    180.7  194449.4  10803.2         0
45456 44825.231   78140.0    176.1  194252.7  10971.1         0
45456 44835.369   81923.0    225.9  195491.5  11108.4         0
45456 44845.509   80869.0    212.7  195092.8  11261.0         0
45456 44855.645   77315.0    187.1  193204.2  11413.6         0
45456 44865.784   82490.0    179.5  196257.8  11566.2         0
45456 44875.922   82477.0    182.9  195910.0  11718.8         0
45456 44886.058   79894.0    191.4  194444.4  11871.3         0
45456 44896.197   80397.0    203.0  194876.8  12023.9         0
45456 44906.333   78160.0    222.2  193351.5  12176.5         0
45456 44916.474   82160.0    214.5  194884.2  12329.1         0
45456 44926.610   80090.0    198.8  194424.8  12481.7         0
45456 44936.746   79840.0    201.8  194872.0  12634.3         0
45456 44946.883   76657.0     48.6  193764.0  12786.9         0
45456 44957.023   83005.0    176.6  195121.6  12924.2         0
45456 44967.159   79285.0    214.5  194203.3  13076.8         0
45456 44977.296   76321.0    198.0  193770.5  13244.6         0
45456 44987.434   80679.0     92.8  196060.3  13397.2         0
45456 44997.572   81712.0    164.2  195841.4  13549.8         0
45456 45007.647   15510.0    150.4  162393.2  13702.4         0
45456 45017.747   43411.0    292.6  176673.8  13839.7         0
45456 45027.883   80942.0    159.5  195338.6  13992.3         0
45456 45038.021   81388.0    205.3  194934.0  14144.9         0
45456 45048.159   82987.0    182.8  196586.1  14297.5         0
45456 45058.297   83083.0    181.4  195690.1  14465.3         0
45456 45068.434   70992.0    207.8  191197.5  14617.9         0
45456 45078.673   45277.0    242.0  178447.2  14755.2         0
45456 45088.814   66674.0    181.4  186256.5  14907.8         0
45456 45098.951   74399.0    185.5  192288.7  15060.4         0
45456 45109.088   77890.0    209.4  193342.4  15213.0         0
45456 45119.226   73620.0    211.8  192129.6  15380.9         0
45456 45129.364   81672.0    177.1  195185.4  15533.4         0
45456 45139.499   72731.0    179.7  192804.1  12405.4         0
45456 45149.642   74523.0    185.9  192272.1  12542.7         0
45456 45159.690   14615.0    123.6  162720.0  12695.3         0
45456 45169.812   46674.0    146.1  177872.4 938537.6         0
45456 45179.948   76199.0    146.7  192525.0 194778.4         0
45456 45190.087   79318.0    119.0  192520.2 194931.0         0
45456 45200.224  rejected packet: LI==3
45456 45810.328  rejected packet: LI==3
