45456 58158.986  191005.0    173.5  498184.3  29693.6         0
45456 58169.126   75318.0    180.4  545564.3  29846.2         0
45456 58179.202   14548.0    169.7  514869.2  29998.8         0
45456 58189.397  122647.0    131.3  568942.5  30151.4         0
45456 58199.534   68686.0    176.6  542220.2  30304.0         0
45456 58209.674   81255.0    169.8  548215.3  30456.5         0
45456 58219.813   81186.0    136.2  547110.7  30609.1         0
45456 58229.949   77535.0    171.0  546102.9  30761.7         0
45456 58240.086   76110.0    208.5  544706.4  30914.3         0
45456 58250.225   80386.0    205.1  547388.4  31066.9         0
45456 58260.364   80466.0    180.8  546396.1  31204.2         0
45456 58270.501   77997.0    179.8  545799.9  31372.1         0
45456 58280.637   76720.0    176.8  544501.9  31524.7         0
45456 58290.773   74802.0    200.9  545436.3  31677.2         0
45456 58300.913   79641.0    186.6  547512.5  31829.8         0
45456 58311.052   78543.0    207.3  545966.3  31982.4         0
45456 58321.189   73050.0    174.0  544024.7  32119.8         0
45456 58331.327   77256.0    171.9  545418.8  32272.3         0
45456 58341.466   75300.0    203.3  543641.2  32424.9         0
45456 58351.600   76189.0    173.3  544754.7  32592.8         0
45456 58361.738   77983.0    171.2  545475.8  32745.4         0
45456 58371.875   76434.0    202.6  545475.6  32897.9         0
45456 58382.014   75070.0    173.8  543787.9  33035.3         0
45456 58392.150   84459.0    169.6  549915.2  33187.9         0
45456 58402.291   80967.0    203.2  546916.1  33340.5         0
45456 58412.428   77092.0    208.0  545844.9  33493.0         0
45456 58422.565   74422.0    205.8  543017.6  33660.9         0
45456 58432.702   77774.0    203.0  545168.2  33798.2         0
45456 58442.839   76077.0    204.1  544692.9  33950.8         0
45456 58452.979   77718.0    183.8  545764.8  34103.4         0
45456 58463.116   77273.0    211.7  543904.4  34256.0         0
45456 58473.196  rejected packet: LI==3
45456 58557.938  rejected packet: LI==3
45456 58610.267  rejected packet: LI==3
45456 58627.674  rejected packet: LI==3
45456 59237.779   34362.0    186.1  182068.0   5111.7         0
45456 59247.920   80034.0    155.5  204157.2   5264.3         0
45456 59258.053   74240.0    176.4  202992.6   5416.9         0
45456 59268.195   79673.0    175.8  204202.5   5569.5         0
45456 59278.331   76408.0    173.7  204012.5   5722.0         0
45456 59288.470   79241.0    176.7  204731.1   5874.6         0
45456 59298.605   73777.0    175.1  202409.9   6012.0         0
45456 59308.745   78048.0    174.9  204342.9   6179.8         0
45456 59318.882   75795.0    156.4  204114.3   6332.4         0
45456 59329.021   79815.0    156.3  204562.0   6485.0         0
45456 59339.156   75521.0    174.6  203683.1   6637.6         0
45456 59349.294   77011.0    174.8  204368.0   6790.2         0
45456 59359.433   79328.0    179.8  206230.1   6927.5         0
45456 59369.575   81681.0    193.1  204846.8 941330.0         0
45456 59379.710   71427.0    170.9  198439.7 190094.0         0
45456 59389.844   73636.0    164.3  199068.4 190261.8         0
45456 59399.982   79196.0    170.4  201854.5 190414.4         0
45456 59410.124   77660.0    184.0  199651.6 190567.0         0
45456 59420.257   74870.0    172.9  200348.3 190719.6         0
45456 59430.399   80720.0    196.2  201750.0  65765.4         0
45456 59440.536   77124.0    195.2  200691.6  65902.7         0
45456 59450.672   72632.0    168.6  197935.8  66055.3         0
45456 59460.808   74486.0    197.8  200544.6  66223.1         0
45456 59470.946   76013.0    153.0  200475.6  66375.7         0
45456 59481.084   79740.0    173.0  202249.9  66528.3         0
45456 59491.222   74825.0    171.8  200102.6  66680.9         0
45456 59501.360   77832.0    171.7  200746.8   4028.3         0
45456 59511.497   71951.0    214.9  198753.1   4180.9         0
45456 59521.634   73278.0    172.4  199673.2   4318.2         0
45456 59531.774   71469.0    174.1  198538.7   4470.8         0
45456 59541.910   74416.0    173.0  199703.7   4638.7         0
45456 59552.050   78413.0    149.1  201588.4   4791.3         0
45456 59562.186   75509.0    174.9  200503.7   3433.2         0
45456 59572.325   76872.0    170.9  201772.2   3585.8         0
45456 59582.464   77060.0    174.0  200627.2   3738.4         0
45456 59592.598   70519.0    174.1  198470.8   3891.0         0
45456 59602.738   78744.0    175.4  203053.3   4043.6         0
45456 59612.874   76888.0    149.8  200997.0   4211.4         0
45456 59623.011   77156.0    175.0  201772.3   4348.8         0
45456 59633.152   78785.0    176.9  202283.6   2883.9         0
45456 59643.288   74545.0    179.2  199910.5   3036.5         0
45456 59653.426   73662.0    149.4  201002.8   3189.1         0
45456 59663.563   75834.0    171.7  200924.1   3326.4         0
45456 59673.700   78016.0    149.2  202167.2   3479.0         0
45456 59683.840   79756.0    166.6  202978.7   3646.9         0
45456 59693.977   73656.0    158.4  199061.4   5798.3         0
45456 59704.116   78580.0    172.4  202655.9   5950.9         0
45456 59714.251   72305.0    173.3  200266.8   2914.4         0
45456 59724.388   76203.0    177.7  202776.2   3067.0         0
45456 59734.528   83244.0    170.1  204494.9   3219.6         0
45456 59744.665   74805.0    172.0  201129.2   3372.2         0
45456 59754.739   16742.0    141.4  172609.0   3524.8         0
45456 59764.840   40182.0    138.3  183985.0   3677.4         0
45456 59774.975   74566.0    151.6  201528.1   3830.0         0
45456 59785.115   81151.0    149.6  204695.8   3982.5         0
45456 59795.252   74811.0    151.9  200845.0   4135.1         0
45456 59805.391   78243.0    173.6  203548.3   4287.7         0
45456 59815.526   70347.0    170.8  199418.1   4440.3         0
45456 59825.666   77092.0    173.9  203190.0   4577.6         0
45456 59835.801   71804.0    171.5  201268.9   4730.2         0
45456 59845.938   77499.0    176.0  204501.6   4898.1         0
45456 59856.078   77712.0    173.9  204465.2   5050.7         0
45456 59866.214   74693.0    151.0  202762.7   5203.2         0
45456 59876.354   80162.0    172.5  205196.4   5355.8         0
45456 59886.490   75905.0    170.8  203121.4   5493.2         0
45456 59896.629   76861.0    172.1  202855.2   5645.8         0
45456 59906.765   75151.0    180.7  202972.7   5798.3         0
45456 59916.903   75045.0    171.6  202835.7   5966.2         0
45456 59927.041   78448.0    174.4  204984.9   6118.8         0
45456 59937.180   77134.0    175.1  204868.2   6271.4         0
45456 59947.316   76884.0    173.8  204563.9   6408.7         0
45456 59957.455   78319.0    173.6  205544.4   6561.3         0
45456 59967.591   73293.0    173.8  203316.1   6713.9         0
45456 59977.730   75805.0    172.3  203381.2   6866.5         0
45456 59987.869   78581.0    171.8  205071.3   7034.3         0
45456 59998.005   72871.0    173.6  202657.8   7171.6         0
45456 60008.143   78985.0    175.8  205653.5   7324.2         0
45456 60018.280   76816.0    171.3  204819.0   7476.8         0
45456 60028.418   77116.0    171.6  205895.1   7629.4         0
45456 60038.556   75253.0    171.9  203373.2   7782.0         0
45456 60048.694   75922.0    172.5  204355.8   7934.6         0
45456 60058.833   78224.0    158.1  205583.6   8087.2         0
45456 60068.970   76216.0    143.9  205500.8   8239.7         0
45456 60079.110   78998.0    170.2  205240.4   8392.3         0
45456 60089.244   73671.0    173.1  203907.6   8544.9         0
45456 60099.382   79125.0    175.6  206779.6   8697.5         0
45456 60109.519   77727.0    174.9  206342.0   5538.9         0
45456 60119.658   83451.0    174.7  207797.1   5691.5         0
45456 60129.795   75418.0    173.6  204878.5   5844.1         0
45456 60139.935   77877.0    172.6  205747.9   6012.0         0
45456 60150.073   76846.0    178.2  205594.3   6164.6         0
45456 60160.209   74944.0    174.4  205648.2   6317.1         0
45456 60170.346   72943.0    181.6  203724.8   6454.5         0
45456 60180.486   76363.0    151.3  205336.9   6607.1         0
45456 60190.621   74989.0    170.7  204905.7   6759.6         0
45456 60200.760   79126.0    173.5  206086.9   6912.2         0
45456 60210.899   78859.0    172.4  206543.5   7080.1         0
45456 60221.035   75934.0    150.9  205322.3   7232.7         0
45456 60231.172   78381.0    174.5  206496.5   7370.0         0
45456 60241.309   81660.0    170.7  209478.0   7522.6         0
45456 60251.448   79081.0    157.6  207101.6   7675.2         0
45456 60261.588   77818.0    170.2  206354.4   7827.8         0
45456 60271.722   71181.0    175.8  204327.1   7980.3         0
45456 60281.861   79277.0    149.5  207393.6   8132.9         0
45456 60291.997   76995.0    173.5  207346.1   8285.5         0
45456 60302.138   79690.0    177.4  206493.7   8438.1         0
45456 60312.276   77262.0    157.1  206364.8   8590.7         0
45456 60322.413   73944.0    220.5  204047.9   8743.3         0
45456 60332.549   75693.0    177.4  205843.1   8895.9         0
45456 60342.689   78497.0    177.5  207626.9   9033.2         0
45456 60352.827   76431.0    173.6  206259.2   9201.0         0
45456 60362.963   72235.0    157.0  203650.9   9353.6         0
45456 60373.100   77348.0    174.2  206763.2   9506.2         0
45456 60383.239   76046.0    169.5  205423.8   9658.8         0
45456 60393.375   75867.0    173.2  206895.9   9811.4         0
45456 60403.515   79110.0    169.8  206817.5   9948.7         0
45456 60413.599   25312.0    147.6  181976.8  10101.3         0
45456 60423.689   30176.0    141.9  183245.8  10253.9         0
45456 60433.826   76841.0    172.0  207778.4  10421.8         0
45456 60443.901   15890.0    172.0  176943.2  11642.5         0
45456 60453.997   36052.0    174.2  186716.6  11795.0         0
45456 60464.138   81546.0    164.4  207985.8  11932.4         0
45456 60474.273   74748.0    180.0  205758.2  12085.0         0
45456 60484.413   79924.0    171.5  207649.1  12237.5         0
45456 60494.551   76558.0    173.0  206709.6  12390.1         0
45456 60504.630   16426.0    148.9  175784.8  12542.7         0
45456 60514.721   30783.0    171.4  184286.2  12695.3         0
45456 60524.861   78511.0    150.7  207245.5  12847.9         0
45456 60534.996   77243.0    173.1  207004.5  13000.5         0
45456 60545.135   76536.0    172.3  205810.2  13153.1         0
45456 60555.272   74985.0    174.2  206274.0  13305.7         0
45456 60565.412   79221.0    175.5  207739.6  13458.3         0
45456 60575.547   74168.0    203.5  205581.2  13610.8         0
45456 60585.688   78215.0    148.7  206782.4   6286.6         0
45456 60595.823   75406.0    154.9  205959.2   6454.5         0
45456 60605.960   76908.0    196.9  204978.3   6607.1         0
45456 60616.098   74594.0    174.1  205045.9   6759.6         0
45456 60626.239   78157.0    181.1  206218.0   6912.2         0
45456 60636.376   76548.0    206.4  205757.9   7064.8         0
45456 60646.514   77644.0    150.5  206406.1   7202.1         0
45456 60656.651   74008.0    174.7  205237.2   7354.7         0
45456 60666.789   75487.0    172.0  205360.0   7507.3         0
45456 60676.924   74278.0    151.2  205184.3   7675.2         0
45456 60687.067   83362.0    181.9  209408.2   7827.8         0
45456 60697.202   73588.0    157.7  204061.8   7980.3         0
45456 60707.337   75322.0    172.7  206092.4   8117.7         0
45456 60717.414   15764.0    153.1  175640.3   6774.9         0
45456 60727.514   40225.0    174.4  186691.6   6927.5         0
45456 60737.650   74458.0    175.0  205299.0   7080.1         0
45456 60747.787   75220.0    173.4  204052.5   7232.7         0
45456 60757.924   75097.0    155.3  204541.1   7400.5         0
45456 60768.064   81438.0    165.3  207540.5   7537.8         0
45456 60778.199   76446.0    157.5  205039.6   7690.4         0
45456 60788.339   80259.0    173.2  206838.9   7843.0         0
45456 60798.475   76732.0    173.0  205113.1   7995.6         0
45456 60808.615   77020.0    148.2  204832.6   8148.2         0
45456 60818.751   77536.0    157.2  205492.7   8300.8         0
45456 60828.887   74263.0    173.7  204474.2   8453.4         0
45456 60839.028   78865.0    151.2  206085.2   8606.0         0
45456 60849.164   75215.0    175.6  204024.9   8758.5         0
45456 60859.301   78511.0    173.0  206177.3   8911.1         0
45456 60869.440   76779.0    173.7  204052.2   9063.7         0
45456 60879.577   77131.0    169.8  204878.7   9216.3         0
45456 60889.714   74647.0    175.0  203783.0   9353.6         0
45456 60899.851   76604.0    167.4  205513.8   9521.5         0
45456 60909.991   78418.0    181.9  204524.6   9674.1         0
45456 60920.130   78510.0    172.5  205454.8   9826.7         0
45456 60930.266   72497.0    172.7  202036.2   9979.2         0
45456 60940.403   76740.0    172.4  204655.3  10116.6         0
45456 60950.540   77038.0    173.0  205571.1  10269.2         0
45456 60960.678   76737.0    184.1  205482.9  10421.8         0
45456 60970.819   78134.0    163.6  204515.4  10589.6         0
45456 60980.956   77639.0    191.4  204701.7  10742.2         0
45456 60991.092   74913.0    164.9  202770.0  10894.8         0
45456 61001.231   77607.0    186.9  205349.8  11032.1         0
45456 61011.367   72849.0    155.5  202538.8  11184.7         0
45456 61021.506   77179.0    172.7  205938.3  11337.3         0
45456 61031.645   78228.0    171.7  205378.3  11489.9         0
45456 61041.722   15336.0    145.2  174342.6  11642.5         0
45456 61051.814   32896.0    127.6  183988.7  11810.3         0
45456 61061.955   84998.0    172.0  209423.0  11947.6         0
45456 61072.092   75561.0    150.9  204436.3  12100.2         0
45456 61082.230   78468.0    156.7  206309.3  12252.8         0
45456 61092.367   76241.0    177.6  203929.7  12405.4         0
45456 61102.506   77048.0    187.2  205068.8  12558.0         0
45456 61112.645   76912.0    169.1  203474.5  12710.6         0
45456 61122.779   71676.0    179.0  202365.9  12847.9         0
45456 61132.848    7375.0    152.2  170253.3  13015.7         0
45456 61142.953   41885.0    172.8  187411.8  13168.3         0
45456 61153.090   76740.0    145.5  204944.8  13320.9         0
45456 61163.229   77637.0    174.4  206318.1  13473.5         0
45456 61173.368   75572.0    179.2  204396.2  13626.1         0
45456 61183.503   73841.0    178.1  203686.4  13763.4         0
45456 61193.642   77729.0    181.1  204642.8  13916.0         0
45456 61203.779   77611.0    178.9  205362.5  14068.6         0
45456 61213.919   79387.0    173.1  206142.9  14236.5         0
45456 61224.054   75644.0    171.5  204595.7  14389.0         0
45456 61234.192   75329.0    176.1  204626.4  14541.6         0
45456 61244.332   79385.0    172.7  206464.4  14679.0         0
45456 61254.469   75221.0    157.0  205467.0   7904.1         0
45456 61264.607   77205.0    182.3  206729.9   8056.6         0
45456 61274.745   74556.0    175.8  204392.2   8209.2         0
45456 61284.883   75884.0    158.1  204774.9   8361.8         0
45456 61295.019   74248.0    178.0  203155.8   8514.4         0
45456 61305.156   77404.0    165.7  205623.7   8667.0         0
45456 61315.296   79277.0    174.3  206307.4   8819.6         0
45456 61325.430   74342.0    183.4  204977.8   8972.2         0
45456 61335.570   79649.0    170.5  205447.0   9109.5         0
45456 61345.708   77747.0    156.8  206640.7   9262.1         0
45456 61355.844   75102.0    225.1  205223.5   9429.9         0
45456 61365.984   81046.0    182.7  207951.9   9582.5         0
45456 61376.120   75957.0    172.8  204393.0   9735.1         0
45456 61386.258   76366.0    177.6  204665.4   9887.7         0
45456 61396.396   78360.0    156.5  204814.4   7156.4         0
45456 61406.533   76060.0    178.3  204469.4   7309.0         0
45456 61416.673   77997.0    178.8  205275.6   7461.5         0
45456 61426.811   76928.0    174.2  204912.1   7629.4         0
45456 61436.948   76432.0    183.8  204769.2   7782.0         0
45456 61447.085   75684.0    157.3  205158.9   7934.6         0
45456 61457.221   73660.0    179.5  203534.1   8071.9         0
45456 61467.361   79380.0    182.5  206411.7   8224.5         0
45456 61477.500   77358.0    154.3  204235.2   8377.1         0
45456 61487.635   75341.0    181.1  204070.0   8529.7         0
45456 61497.776   77757.0    181.2  204469.0   8682.3         0
45456 61507.910   73976.0    161.4  203513.2   8850.1         0
45456 61518.048   77455.0    158.6  205598.3   8987.4         0
45456 61528.187   76375.0    181.7  205526.0   9140.0         0
45456 61538.326   76808.0    178.6  205100.3   9292.6         0
45456 61548.464   76292.0    179.4  204468.6   9445.2         0
45456 61558.600   72619.0    175.7  201982.4   9597.8         0
45456 61568.739   78565.0    179.7  205849.0   9735.1         0
45456 61578.877   77573.0    161.5  205106.9   9903.0         0
45456 61589.012   71486.0    178.8  202857.5  10055.5         0
45456 61599.150   77537.0    178.7  204653.0  10208.1         0
45456 61609.286   74825.0    173.6  205148.0  10360.7         0
45456 61619.425   89730.0    180.9  212208.0  10513.3         0
45456 61629.563   76873.0    181.3  204986.0  10650.6         0
45456 61639.703   80307.0    156.3  206960.8  10803.2         0
45456 61649.841   78545.0    168.4  205792.1  10971.1         0
45456 61659.977   74517.0    156.5  203128.4  11123.7         0
45456 61670.116   79103.0    185.0  206272.9  11276.2         0
45456 61680.253   74261.0    174.8  202900.2  11428.8         0
45456 61690.328   15738.0    149.4  174572.5  11566.2         0
45456 61700.424   36865.0    130.9  185382.3  11718.8         0
45456 61710.562   77988.0    184.6  205948.2  11871.3         0
45456 61720.700   79075.0    173.0  206003.4  12023.9         0
45456 61730.839   77820.0    174.0  206139.5  12191.8         0
45456 61740.976   77818.0    179.3  205615.0  12344.4         0
45456 61751.113   75953.0    178.6  204860.5  12481.7         0
45456 61761.252   75756.0    187.5  204290.2  12634.3         0
45456 61771.391   78765.0    184.8  206420.9  12786.9         0
45456 61781.529   77095.0    180.5  204486.3  12939.5         0
45456 61791.666   75784.0    155.6  204994.6   6912.2         0
45456 61801.804   74549.0    174.4  204261.1   7080.1         0
45456 61811.941   78120.0    156.4  206871.9   7217.4         0
45456 61822.080   79256.0    181.9  206339.7   7370.0         0
45456 61832.215   75146.0    158.5  204092.6   7522.6         0
45456 61842.357   81258.0    178.8  207655.9   7675.2         0
45456 61852.490   72458.0    177.8  204048.9   7827.8         0
45456 61862.629   77429.0    178.4  206669.9   7980.3         0
45456 61872.766   75526.0    182.4  204692.6   8117.7         0
45456 61882.906   76955.0    171.6  205109.8   8285.5         0
45456 61893.041   73734.0    179.2  203833.1   8438.1         0
45456 61903.180   77965.0    181.2  205044.8   8590.7         0
45456 61913.317   75498.0    173.0  204829.2   8743.3         0
45456 61923.456   78171.0    219.3  206833.4   4959.1         0
45456 61933.594   77494.0    179.6  206380.0   5111.7         0
45456 61943.730   74178.0    169.0  204047.2   5249.0         0
45456 61953.869   77462.0    156.4  206610.1   5416.9         0
45456 61964.006   76121.0    178.2  204226.1   5569.5         0
45456 61974.143   76262.0    181.6  205861.9   5722.0         0
45456 61984.283   80452.0    176.0  207265.0   5874.6         0
45456 61994.421   77821.0    213.4  205903.6   6027.2         0
45456 62004.559   75100.0    240.8  204608.7   6164.6         0
45456 62014.637   27764.0    186.5  181797.6   6317.1         0
45456 62024.729   31741.0    150.8  183004.5   6469.7         0
45456 62034.867   76536.0    181.1  205377.0   6637.6         0
45456 62045.007   78475.0    179.0  206189.9   6790.2         0
45456 62055.144   75897.0    184.6  205156.8   6927.5         0
45456 62065.283   74456.0    183.9  204172.9   7080.1         0
45456 62075.418   75448.0    179.0  204883.1   7232.7         0
45456 62085.557   76668.0    180.7  206584.5   7385.3         0
45456 62095.694   76760.0    182.7  206392.0   7537.8         0
45456 62105.832   77246.0    183.9  205181.5   7705.7         0
45456 62115.971   84830.0    179.5  209770.4   7843.0         0
45456 62126.108  rejected packet: LI==3

45456 62370.846   67409.0    176.8  198634.3   6790.2         0
45456 62380.983   75557.0    214.2  202686.1   6942.7         0
45456 62391.121   76626.0    199.2  203418.4   7095.3         0
45456 62401.258   76508.0    183.9  203217.4   5172.7         0
45456 62411.396   77099.0    197.9  203252.5   5325.3         0
45456 62421.471   15946.0    174.2  173052.2   5477.9         0
45456 62431.569   38232.0    124.6  184359.0   5630.5         0
45456 62441.644   15082.0    154.7  172612.2   5783.1         0
45456 62451.742   40395.0    183.9  184794.0   5935.7         0
45456 62461.879   75401.0    175.0  203574.0   4653.9         0
45456 62472.018   80021.0    163.9  205245.0   4806.5         0
45456 62482.155   78716.0    180.2  205949.3   4959.1         0
45456 62492.293   77507.0    133.1  205298.6   5111.7         0
45456 62502.364   13668.0    101.6  173803.2   5249.0         0
45456 62512.467   45533.0    163.0  188024.6   5416.9         0
45456 62522.603   80473.0    168.5  206860.6   5569.5         0
45456 62532.742   75208.0    272.1  203694.5   7019.0         0
45456 62542.880   71539.0    137.2  201668.2   7171.6         0
45456 62553.018   79729.0    130.2  204467.5   7324.2         0
45456 62563.154   76629.0    152.2  204316.8   7461.5         0
45456 62573.229   15495.0    165.6  173008.4   7614.1         0
45456 62583.329   39300.0    186.8  185577.9   7766.7         0
45456 62593.419   28264.0    204.5  177978.9   7934.6         0
45456 62603.603  123276.0    198.9  227738.1   1861.6         0
45456 62613.741   75405.0    176.6  202955.1   2014.2         0
45456 62623.879   77930.0    130.3  204049.0   2166.7         0
45456 62634.019   80752.0    204.2  205139.1   2304.1         0
45456 62644.156   76570.0    213.9  204007.5   2456.7         0
45456 62654.293   75176.0    199.8  202229.6   2609.3         0
45456 62664.432   76478.0    173.3  203910.3   2777.1         0
45456 62674.569   75625.0    193.8  203561.4   2929.7         0
45456 62684.704   74796.0    174.2  204337.7   3082.3         0
45456 62694.781   17814.0    172.4  174939.4   3219.6         0
45456 62704.878   36685.0    163.4  184169.3   3372.2         0
45456 62715.017   80458.0    165.6  205457.8   3524.8         0
45456 62725.080    5034.0    176.7  168776.3   3677.4         0
45456 62735.189   47186.0    207.2  189714.6   3830.0         0
45456 62745.327   77520.0    201.6  204987.5   3967.3         0
45456 62755.465   74647.0    208.0  203275.8   4135.1         0
45456 62765.601   72722.0    188.1  202866.0   4287.7         0
45456 62775.741   79944.0    202.6  205331.6   4440.3         0
45456 62785.878   75415.0    239.2  203550.2   4592.9         0
45456 62796.015   77126.0    171.1  204893.8   4745.5         0
45456 62806.153   77924.0    203.4  205662.9   4882.8         0
45456 62816.230   16561.0    196.4  174912.0   5035.4         0
45456 62826.326   34793.0    204.6  184190.2   5188.0         0
45456 62836.464   74752.0    201.8  203330.2   5355.8         0
45456 62846.604   80591.0    194.3  207006.9   5508.4         0
45456 62856.740   72080.0    206.0  202288.6   5661.0         0
45456 62866.879   76379.0    200.3  205822.4   5798.3         0
45456 62877.015   76383.0    174.7  204029.7   5950.9         0
45456 62887.152   74287.0    194.5  204352.0   6103.5         0
45456 62897.293   79279.0    202.2  205727.9   6256.1         0
45456 62907.427   72841.0    207.8  203858.6   6424.0         0
45456 62917.565   78676.0    198.7  206297.6   6576.5         0
45456 62927.703   75010.0    200.2  204624.7   6713.9         0
45456 62937.840   72660.0    223.9  203821.9   6866.5         0
45456 62947.981   81467.0    164.6  208160.4   7019.0         0
45456 62958.115   58670.0    200.4  198074.8   7171.6         0
45456 62968.254   50097.0    203.2  192381.6   7324.2         0
45456 62978.393   89452.0    195.7  212600.3   7476.8         0
45456 62988.530   83899.0    203.2  210245.4   7629.4         0
45456 62998.666   65447.0    196.6  200617.7   7293.7         0
45456 63008.745   16383.0    161.6  175629.8   7446.3         0
45456 63018.841   38823.0    151.8  187253.1   7583.6         0
45456 63028.979   76503.0    211.8  206129.2   7736.2         0
45456 63039.117   77877.0    180.2  206303.3   7888.8         0
45456 63049.252   73966.0    201.0  205289.1   8041.4         0
45456 63059.405   90629.0    200.0  212592.7   8194.0         0
45456 63069.530   28597.0    197.9  182464.9   8346.6         0
45456 63089.703   82923.0    177.2  209454.2   8651.7         0
45456 63099.838   69659.0    163.4  203078.9   8804.3         0
45456 63109.976   77125.0    206.9  206640.2   8956.9         0
45456 63120.114   70379.0    200.7  202794.0   9109.5         0
45456 63130.254   79509.0    201.0  207472.2   9246.8         0
45456 63140.389   74539.0    202.0  204897.2   9399.4         0
45456 63150.529   76521.0    202.4  206684.1   9567.3         0
45456 63160.668   76181.0    197.9  205912.7   9719.8         0
45456 63170.802   70608.0    201.2  203342.5   9872.4         0
45456 63180.942   77560.0    173.3  205417.5  10025.0         0
45456 63191.080   77373.0    244.4  206270.7  10162.4         0
45456 63201.218   75952.0    205.9  205569.0  10314.9         0
45456 63211.353   72974.0    173.9  204473.5  10467.5         0
45456 63221.492   77953.0    181.7  206661.1  10635.4         0
45456 63231.629   75245.0    195.9  205197.7  10788.0         0
45456 63241.770   76919.0    196.2  205075.3  10940.6         0
45456 63251.904   72582.0    140.4  203902.1  11077.9         0
45456 63262.042   78407.0    193.8  206824.7  11230.5         0
45456 63272.179   78199.0    199.8  207302.6  11383.1         0
45456 63282.317   76409.0    199.4  205964.0  11535.6         0
45456 63292.457   78227.0    196.0  206759.6  11703.5         0
45456 63302.595   73720.0    200.5  204269.1  11856.1         0
45456 63312.730   73968.0    202.0  205414.2  11993.4         0
45456 63322.868   76324.0    240.0  206123.9  12146.0         0
45456 63333.006   76716.0    205.0  206264.4  12298.6         0
45456 63343.146   80661.0    202.6  207384.0  12451.2         0
45456 63353.283   71990.0    173.9  203943.0  12603.8         0
45456 63363.419   74779.0    203.4  205332.7  12756.3         0
45456 63373.556   64648.0    108.5  200665.7  12908.9         0
45456 63383.695   76307.0    201.2  205019.5  13061.5         0
45456 63393.833   74167.0    208.5  204476.6  13214.1         0
45456 63403.970   74736.0    200.2  205655.2  13366.7         0
45456 63414.107   75547.0    201.3  206737.9  13519.3         0
45456 63424.245   75390.0    201.6  205683.4  13656.6         0
45456 63434.381   74665.0    272.0  205416.8  13809.2         0
45456 63444.522   78362.0    199.9  206461.5  13977.1         0
45456 63454.658   75593.0    219.5  206167.8  14129.6         0
45456 63464.799   77285.0    202.8  206124.7  14282.2         0
45456 63474.935   84947.0    175.1  211729.3  14434.8         0
45456 63485.073   76851.0    199.7  207000.3  14572.1         0
45456 63495.209   73578.0    200.5  205238.4  14724.7         0
45456 63505.349   73095.0    200.6  205314.3  14877.3         0
45456 63515.486   75817.0    195.4  206771.5  15045.2         0
45456 63525.623   71548.0    200.1  203560.8  15197.8         0
45456 63535.761   76523.0    210.3  207184.0  15350.3         0
45456 63545.898   73365.0    200.1  205444.2   8712.8         0
45456 63556.035   75602.0    201.0  206623.1   8865.4         0
45456 63566.176   77570.0    202.1  206656.8   9017.9         0
45456 63576.313   74157.0    211.4  205561.0   9170.5         0
45456 63586.450   75493.0    210.0  205551.5   9338.4         0
45456 63596.588   77664.0    176.5  207318.9   9475.7         0
45456 63606.724   73850.0    210.3  205232.9   9628.3         0
45456 63616.863   80323.0    197.9  209032.4   9780.9         0
45456 63626.999   77031.0    206.0  207033.0   9933.5         0
45456 63637.071   14427.0    169.2  176599.5  10086.1         0
45456 63647.175   42118.0    159.9  188294.0  10223.4         0
45456 63657.310   76239.0    208.7  206399.3  10376.0         0
45456 63667.447   74609.0    209.5  205818.3  10543.8         0
45456 63677.538   19703.0    203.1  178452.5  10696.4         0
45456 63687.723  124380.0    214.6  230023.0  10849.0         0
45456 63697.860   76167.0    211.1  207007.3  11001.6         0
45456 63707.998   78439.0    214.7  207937.4  11138.9         0
45456 63718.138   79073.0    213.6  207931.7  11291.5         0
45456 63728.275   76765.0    210.6  206333.9  11444.1         0
45456 63738.410   75017.0    172.8  206532.2  11611.9         0
45456 63748.551   79733.0    216.3  208508.4   7141.1         0
45456 63758.688   75531.0    200.8  207131.2   7293.7         0
45456 63768.826   74188.0    175.0  205652.8   7446.3         0
45456 63778.964   76251.0    206.0  206769.7   7583.6         0
45456 63789.102   78746.0    199.7  207924.1   7736.2         0
45456 63799.240   77321.0    207.8  206754.4   7888.8         0
45456 63809.376   74353.0    183.5  206507.9   8041.4         0
45456 63819.515   78322.0    207.5  207794.9   8209.2         0
45456 63829.651   72187.0    212.1  204415.7   8361.8         0
45456 63839.790   75827.0    207.6  206878.9   8499.1         0
45456 63849.925   72719.0    204.1  205897.4   8651.7         0
45456 63860.066   82372.0    213.1  209695.0   8804.3         0
45456 63870.204   76013.0    249.5  205954.6   8956.9         0
45456 63880.341   73209.0    209.5  205298.2   9109.5         0
45456 63890.478   75750.0    210.4  206712.6   9262.1         0
45456 63900.614   73450.0    208.3  205926.5   9414.7         0
45456 63910.752   77151.0    209.7  206800.8   9567.3         0
45456 63920.891   79099.0    151.8  208191.8   9719.8         0
45456 63931.027   74729.0    247.8  205697.8   9872.4         0
45456 63941.167   77332.0    191.1  207284.4  10025.0         0
45456 63951.289   60029.0    209.4  198496.0  10162.4         0
45456 63961.440   89709.0    207.8  213685.2  10330.2         0
45456 63971.577   75144.0    208.0  207147.3  10482.8         0
45456 63981.717   75550.0    204.7  206896.9  10635.4         0
45456 63991.855   77718.0    173.3  207704.7  10788.0         0
45456 64001.990   75432.0    255.5  207348.5  10940.6         0
45456 64012.131   78065.0    209.0  208050.6  11077.9         0
45456 64022.266   74598.0    206.3  206296.7  11230.5         0
45456 64032.405   76454.0    181.1  206138.3  11383.1         0
45456 64042.541   78344.0    202.2  208274.7  11550.9         0
45456 64052.680   77297.0    207.6  206769.3  11703.5         0
45456 64062.818   79360.0    201.8  209598.3  11856.1         0
45456 64072.955   73806.0    262.5  205224.7  11993.4         0
45456 64083.092   71612.0    181.4  204917.2   5523.7         0
45456 64093.231   74921.0    205.7  207498.0   5676.3         0
45456 64103.370   78483.0    208.5  208753.8   5828.9         0
45456 64113.506   73790.0    208.1  205775.6   5996.7         0
45456 64123.644   80738.0    154.0  209873.3   6134.0         0
45456 64133.780   75176.0    206.8  207227.0   6286.6         0
45456 64143.918   75559.0    239.1  207422.8   6439.2         0
45456 64154.057   76055.0    200.6  206793.6   6591.8         0
45456 64164.195   76621.0    199.1  208550.6   6744.4         0
45456 64174.333   75597.0    209.5  206623.3   6897.0         0
45456 64184.471   77348.0    200.5  208288.4   7049.6         0
45456 64194.609   76115.0    198.6  207896.2   7202.1         0
45456 64204.745   74303.0    198.1  207053.9   7354.7         0
45456 64214.884   75971.0    202.3  207583.3   7507.3         0
45456 64225.020   75249.0    180.2  208405.0   7659.9         0
45456 64235.159   76330.0    175.9  208052.0   7812.5         0
45456 64245.296   79629.0    201.2  209865.7   7949.8         0
45456 64255.436   78005.0    199.8  208306.6   8117.7         0
45456 64265.573   76690.0    201.9  208387.9   8270.3         0
45456 64275.708   74453.0    202.3  207409.1   8422.9         0
45456 64285.780   16903.0    137.3  179385.8   8575.4         0
45456 64295.881   41724.0    129.2  191205.3   8712.8         0
45456 64306.019   80359.0    176.9  210425.8   8865.4         0
45456 64316.156   75092.0    148.0  207973.1   9017.9         0
45456 64326.296   80365.0    174.1  210626.6   9170.5         0
45456 64336.434   76050.0    200.1  207929.8   9338.4         0
45456 64346.569   73976.0    185.2  207464.6   9491.0         0
45456 64356.709   78837.0    173.6  209933.1   5279.5         0
45456 64366.847   76735.0    166.6  208895.2   5432.1         0
45456 64376.986   78557.0    174.8  208396.4   5584.7         0
45456 64387.122   75252.0    175.6  208183.9   5737.3         0
45456 64397.258   75249.0    169.4  208385.1   5889.9         0
45456 64407.397   79858.0    203.6  210784.6   6042.5         0
45456 64417.534   72932.0    166.6  206904.2   6195.1         0
45456 64427.671   78295.0    200.5  209856.8   6347.7         0
45456 64437.810   77257.0    203.5  208076.9   6500.2         0
45456 64447.946   74116.0    202.1  208306.5   6652.8         0
45456 64458.084   77605.0    204.4  209083.1   6805.4         0
45456 64468.224   80922.0    207.4  210979.7   6958.0         0
45456 64478.359   75993.0    205.0  209558.5   7095.3         0
45456 64488.497   78327.0    251.8  210119.4   7263.2         0
45456 64498.636   75718.0    212.3  207659.5   7415.8         0
45456 64508.775   77622.0    206.6  209427.7   7568.4         0
45456 64518.912   76036.0    212.3  208657.0   7720.9         0
45456 64529.050   77878.0    206.0  209987.7   7873.5         0
45456 64539.186   72720.0    200.9  206531.1   8010.9         0
45456 64549.322   75452.0    173.4  209248.1   8163.5         0
45456 64559.462   79790.0    232.4  210027.7   8331.3         0
45456 64569.600   77876.0    180.2  210023.6   8483.9         0
45456 64579.736   76463.0    181.7  209275.3   8636.5         0
45456 64589.876   74350.0    182.7  208618.2   8773.8         0
45456 64600.012   75727.0    176.3  208334.0   8926.4         0
45456 64610.151   77288.0    203.6  210140.9   9079.0         0
45456 64620.287   75903.0    162.8  208810.8   9231.6         0
45456 64630.425   76566.0    208.1  209846.5   9399.4         0
45456 64640.576   89207.0    182.2  215526.7   9552.0         0
45456 64650.699   65272.0    181.1  204492.8   9689.3         0
45456 64660.838   77158.0    163.3  209171.5   9841.9         0
45456 64670.975   77653.0    178.4  210325.9   9994.5         0
45456 64681.115   80594.0    211.6  212054.4  10147.1         0
45456 64691.250   73749.0    200.7  208687.4  10299.7         0
45456 64701.389   77806.0    226.1  209530.7  10452.3         0
45456 64711.528   77592.0    215.0  210810.4  10604.9         0
45456 64721.664   72951.0    202.1  207463.2  10757.4         0
45456 64731.802   75095.0    212.2  210358.0  10910.0         0
45456 64741.939   77246.0    182.5  210037.3  11062.6         0
45456 64752.078   78993.0    213.1  211771.8  11215.2         0
45456 64762.215   78366.0    186.8  212102.1  11367.8         0
45456 64772.352   75544.0    210.5  210009.6  11505.1         0
45456 64782.492   79299.0    215.3  210830.2  11673.0         0
45456 64792.627   73520.0    176.0  209064.9  11825.6         0
45456 64802.765   77281.0    205.7  210745.1  11978.1         0
45456 64812.902   75725.0    179.7  211150.5  12130.7         0
45456 64823.042   78391.0    202.2  210741.7  12283.3         0
45456 64833.179   77025.0    212.3  211566.5  12420.7         0
45456 64843.315   76817.0    184.8  210960.3  12573.2         0
45456 64853.455   79764.0    235.6  212659.3  12741.1         0
45456 64863.590   73825.0    206.5  210245.1  12893.7         0
45456 64873.728   75377.0    182.2  211355.5  13046.3         0
45456 64883.868   80739.0    181.1  213790.2  13183.6         0
45456 64894.003   75881.0    185.4  211621.5  13336.2         0
45456 64904.143   81485.0    179.5  213918.7  13488.8         0
45456 64914.279   75895.0    206.8  210657.1  13641.4         0
45456 64924.417   77369.0    222.4  211888.2  13809.2         0
45456 64934.555   77711.0    218.5  211489.5  13961.8         0
45456 64944.692   76177.0    200.9  211426.5  14099.1         0
45456 64954.767   15458.0    140.4  180945.0  14251.7         0
45456 64964.867   42789.0    175.9  195086.2  14404.3         0
45456 64975.004   79564.0    212.8  212386.4  14556.9         0
45456 64985.142   76028.0    213.9  210090.8  14709.5         0
45456 64995.279   72940.0    213.6  208896.7  14862.1         0
45456 65005.418   76894.0    184.0  212082.4  15014.6         0
45456 65015.554   74925.0    209.6  210179.2  15167.2         0
45456 65025.691   75191.0    182.6  211316.1  15319.8         0
45456 65035.829   77150.0    169.3  211764.9  15472.4         0
45456 65045.968   79680.0    176.9  213823.9  15625.0         0
45456 65056.106   76545.0    206.8  212290.0  15777.6         0
45456 65066.242   75241.0    180.9  211697.2  15914.9         0
45456 65076.381   79440.0    183.4  213004.4  16067.5         0
45456 65086.518   77770.0    178.1  212962.2  16235.4         0
45456 65096.656   76553.0    180.0  211563.9  16387.9         0
45456 65106.792   76163.0    199.4  213196.8  16540.5         0
45456 65116.931   77403.0    207.3  211865.2  16693.1         0
45456 65127.070   79208.0    183.8  214069.0  16830.4         0
45456 65137.206   75761.0    210.1  211491.4  16983.0         0
45456 65147.345   78343.0    209.2  214344.4  17135.6         0
45456 65157.482   79752.0    186.4  214951.0  17303.5         0
45456 65167.621   78769.0    202.3  213818.6  17456.1         0
45456 65177.757   75833.0    127.8  211585.3  17593.4         0
45456 65187.894   78342.0    180.3  213901.0  17746.0         0
45456 65198.030   75742.0    190.3  211873.5  17898.6         0
45456 65208.171   80166.0    201.2  215362.6  18051.1         0
45456 65218.308   74131.0    249.8  213197.0  18203.7         0
45456 65228.446   65877.0    178.6  208060.0  18371.6         0
45456 65238.582   70064.0    162.8  209992.1  18508.9         0
45456 65248.722   89917.0    165.3  220156.4  18661.5         0
45456 65258.857   76176.0    173.8  213848.0  18814.1         0
